{"target": 4.0, "params": {"x1": 1.9336176037620592, "x2": 1.088129797376863, "x3": 0.800045749926938}, "datetime": {"datetime": "2025-09-03 00:17:56", "elapsed": 0.0, "delta": 0.0}}
{"target": 3.0, "params": {"x1": 2.4, "x2": 0.8, "x3": 1.2}, "datetime": {"datetime": "2025-09-03 00:17:59", "elapsed": 3.354058, "delta": 3.354058}}
{"target": 2.0, "params": {"x1": 1.9336972064594853, "x2": 1.083073736163517, "x3": 0.8287058080351707}, "datetime": {"datetime": "2025-09-03 00:18:02", "elapsed": 6.270555, "delta": 2.916497}}
{"target": 4.0, "params": {"x1": 2.0766755560501218, "x2": 0.9044099633202674, "x3": 1.0986915824068348}, "datetime": {"datetime": "2025-09-03 00:18:06", "elapsed": 10.447518, "delta": 4.176963}}
{"target": 4.0, "params": {"x1": 1.7820118944037355, "x2": 0.862235998955287, "x3": 1.178921380430867}, "datetime": {"datetime": "2025-09-03 00:18:10", "elapsed": 14.496409, "delta": 4.048891}}
{"target": 1.0, "params": {"x1": 2.181004841504976, "x2": 1.0914448055402768, "x3": 0.8778752126329101}, "datetime": {"datetime": "2025-09-03 00:18:13", "elapsed": 17.26564, "delta": 2.769231}}
{"target": 13.0, "params": {"x1": 1.9761973525408596, "x2": 0.9693970845460533, "x3": 0.9887650681227733}, "datetime": {"datetime": "2025-09-03 00:18:16", "elapsed": 20.555172, "delta": 3.289532}}
{"target": 14.0, "params": {"x1": 1.9770013159571023, "x2": 0.9553025601780633, "x3": 0.9919188432638133}, "datetime": {"datetime": "2025-09-03 00:18:19", "elapsed": 23.610836, "delta": 3.055664}}
{"target": 14.0, "params": {"x1": 1.9909861782998826, "x2": 1.1364714694929097, "x3": 1.1916273753458309}, "datetime": {"datetime": "2025-09-03 00:18:22", "elapsed": 26.537684, "delta": 2.926848}}
{"target": 1.0, "params": {"x1": 1.8579782075494828, "x2": 1.105414179510924, "x3": 1.142784666230726}, "datetime": {"datetime": "2025-09-03 00:18:25", "elapsed": 28.917357, "delta": 2.379673}}
