{"target": 0.0, "params": {"x1": 2.1702200470257402, "x2": 5.203244934421581, "x3": -1.9988562518265511, "x4": 1.0233257263183977}, "datetime": {"datetime": "2025-07-31 15:45:54", "elapsed": 0.0, "delta": 0.0}}
{"target": 69.62022847602553, "params": {"x1": -1.9228014401587894, "x2": -0.38139065787303794, "x3": 5.093690341699984, "x4": 5.6473685899160095}, "datetime": {"datetime": "2025-07-31 15:45:54", "elapsed": 0.080264, "delta": 0.080264}}
{"target": 38.638622942945865, "params": {"x1": 2.425573174554623, "x2": 2.1347070793406697, "x3": 3.4780494578567076, "x4": 5.442015815752362}, "datetime": {"datetime": "2025-07-31 15:45:54", "elapsed": 0.152297, "delta": 0.072033}}
{"target": 81.91296141788833, "params": {"x1": -2.0, "x2": -2.0, "x3": 7.949857838079165, "x4": 7.362950264292467}, "datetime": {"datetime": "2025-07-31 15:45:55", "elapsed": 0.440294, "delta": 0.287997}}
{"target": 114.25, "params": {"x1": -2.0, "x2": -2.0, "x3": 8.0, "x4": -2.0}, "datetime": {"datetime": "2025-07-31 15:45:55", "elapsed": 0.616265, "delta": 0.175971}}
{"target": 0.0, "params": {"x1": 8.0, "x2": -2.0, "x3": 8.0, "x4": -2.0}, "datetime": {"datetime": "2025-07-31 15:45:55", "elapsed": 0.800264, "delta": 0.183999}}
{"target": 53.87016813152363, "params": {"x1": -2.0, "x2": 3.664727838300973, "x3": 8.0, "x4": -2.0}, "datetime": {"datetime": "2025-07-31 15:45:55", "elapsed": 1.000293, "delta": 0.200029}}
{"target": 60.31320540542926, "params": {"x1": -2.0, "x2": -2.0, "x3": 3.7793931118126145, "x4": -2.0}, "datetime": {"datetime": "2025-07-31 15:45:55", "elapsed": 1.192264, "delta": 0.191971}}
{"target": 122.99140387896207, "params": {"x1": -2.0, "x2": -2.0, "x3": 8.0, "x4": 1.5085234714720008}, "datetime": {"datetime": "2025-07-31 15:45:56", "elapsed": 1.368266, "delta": 0.176002}}
{"target": 0.0, "params": {"x1": -2.0, "x2": 8.0, "x3": 8.0, "x4": 8.0}, "datetime": {"datetime": "2025-07-31 15:45:56", "elapsed": 1.552267, "delta": 0.184001}}
{"target": 0.0, "params": {"x1": 8.0, "x2": -2.0, "x3": -2.0, "x4": 8.0}, "datetime": {"datetime": "2025-07-31 15:45:56", "elapsed": 1.728289, "delta": 0.176022}}
{"target": 127.31094291869222, "params": {"x1": 0.5775085338971493, "x2": -2.0, "x3": 8.0, "x4": 1.5431008366988874}, "datetime": {"datetime": "2025-07-31 15:45:56", "elapsed": 1.912264, "delta": 0.183975}}
{"target": 73.11385727121421, "params": {"x1": 2.726950045720221, "x2": -2.0, "x3": 8.0, "x4": 5.1813055782244435}, "datetime": {"datetime": "2025-07-31 15:45:56", "elapsed": 2.096264, "delta": 0.184}}
{"target": 125.27271322326006, "params": {"x1": 0.4471754407656287, "x2": -2.0, "x3": 8.0, "x4": -0.8408480421755836}, "datetime": {"datetime": "2025-07-31 15:45:57", "elapsed": 2.28842, "delta": 0.192156}}
{"target": 131.40606781955614, "params": {"x1": -0.21870163124220254, "x2": -0.4994023448262822, "x3": 8.0, "x4": 0.7754039993906169}, "datetime": {"datetime": "2025-07-31 15:45:57", "elapsed": 2.464446, "delta": 0.176026}}
{"target": 131.62372379487908, "params": {"x1": -0.6761466444833887, "x2": -2.0, "x3": 8.0, "x4": 0.29136353207736804}, "datetime": {"datetime": "2025-07-31 15:45:57", "elapsed": 2.640419, "delta": 0.175973}}
{"target": 0.0, "params": {"x1": 8.0, "x2": 8.0, "x3": 8.0, "x4": 8.0}, "datetime": {"datetime": "2025-07-31 15:45:57", "elapsed": 2.824448, "delta": 0.184029}}
{"target": 130.6454815906227, "params": {"x1": -0.529902897223833, "x2": -0.7203763912452751, "x3": 8.0, "x4": 2.1055587020720514}, "datetime": {"datetime": "2025-07-31 15:45:57", "elapsed": 3.048418, "delta": 0.22397}}
{"target": 132.11478500060878, "params": {"x1": -0.4875403330445634, "x2": -1.3080464138339472, "x3": 8.0, "x4": 1.0630246155560361}, "datetime": {"datetime": "2025-07-31 15:45:58", "elapsed": 3.240418, "delta": 0.192}}
{"target": 130.95714486337124, "params": {"x1": 0.847702750269976, "x2": 0.510873886817812, "x3": 8.0, "x4": 1.9856188935836103}, "datetime": {"datetime": "2025-07-31 15:45:58", "elapsed": 3.537108, "delta": 0.29669}}
